<?xml version="1.0" encoding="UTF-8"?>
<!-- Generated by org.testng.reporters.JUnitXMLReporter -->
<testsuite ignored="0" hostname="LAPTOP-9BI5PNMM" failures="0" tests="6" name="Default test" time="0.036" errors="0" timestamp="2021-07-04T21:23:06 EDT">
  <testcase classname="TestCases.LoginTest5" name="deleteUser" time="0.005"/>
  <testcase classname="TestCases.LoginTest5" name="deleteUser" time="0.001"/>
  <testcase classname="TestCases.LoginTest5" name="deleteUser" time="0.001"/>
  <testcase classname="TestCases.LoginTest5" name="loginUser" time="0.001"/>
  <testcase classname="TestCases.LoginTest5" name="loginUser" time="0.001"/>
  <testcase classname="TestCases.LoginTest5" name="loginUser" time="0.001"/>
</testsuite> <!-- Default test -->
